
*** Running vivado
    with args -log mips.vds -m64 -product Vivado -mode batch -messageDb vivado.pb -notrace -source mips.tcl


****** Vivado v2017.4 (64-bit)
  **** SW Build 2086221 on Fri Dec 15 20:55:39 MST 2017
  **** IP Build 2085800 on Fri Dec 15 22:25:07 MST 2017
    ** Copyright 1986-2017 Xilinx, Inc. All Rights Reserved.

source mips.tcl -notrace
create_project: Time (s): cpu = 00:00:02 ; elapsed = 00:00:09 . Memory (MB): peak = 276.789 ; gain = 51.348
Command: synth_design -top mips -part xc7a200tfbg676-2
Starting synth_design
Attempting to get a license for feature 'Synthesis' and/or device 'xc7a200t'
INFO: [Common 17-349] Got license for feature 'Synthesis' and/or device 'xc7a200t'
INFO: Launching helper process for spawning children vivado processes
INFO: Helper process launched with PID 17528 
WARNING: [Synth 8-2292] literal value truncated to fit in 6 bits [C:/Users/lenovo/Desktop/P15_Final/P15_Final/P15_Final.srcs/sources_1/new/ctrl.v:165]
---------------------------------------------------------------------------------
Starting Synthesize : Time (s): cpu = 00:00:14 ; elapsed = 00:00:18 . Memory (MB): peak = 398.793 ; gain = 109.645
---------------------------------------------------------------------------------
INFO: [Synth 8-638] synthesizing module 'mips' [C:/Users/lenovo/Desktop/P15_Final/P15_Final/P15_Final.srcs/sources_1/new/mips.v:23]
INFO: [Synth 8-638] synthesizing module 'ctrl' [C:/Users/lenovo/Desktop/P15_Final/P15_Final/P15_Final.srcs/sources_1/new/ctrl.v:25]
	Parameter Fetch bound to: 4'b0000 
	Parameter DCD bound to: 4'b0001 
	Parameter Exe bound to: 4'b0010 
	Parameter MA bound to: 4'b0011 
	Parameter Branch bound to: 4'b0100 
	Parameter Jmp bound to: 4'b0101 
	Parameter MR bound to: 4'b0110 
	Parameter MW bound to: 4'b0111 
	Parameter WB bound to: 4'b1000 
	Parameter MemWB bound to: 4'b1001 
INFO: [Synth 8-256] done synthesizing module 'ctrl' (1#1) [C:/Users/lenovo/Desktop/P15_Final/P15_Final/P15_Final.srcs/sources_1/new/ctrl.v:25]
INFO: [Synth 8-638] synthesizing module 'PC' [C:/Users/lenovo/Desktop/P15_Final/P15_Final/P15_Final.srcs/sources_1/new/PC.v:23]
WARNING: [Synth 8-6014] Unused sequential element tmp_reg was removed.  [C:/Users/lenovo/Desktop/P15_Final/P15_Final/P15_Final.srcs/sources_1/new/PC.v:36]
INFO: [Synth 8-256] done synthesizing module 'PC' (2#1) [C:/Users/lenovo/Desktop/P15_Final/P15_Final/P15_Final.srcs/sources_1/new/PC.v:23]
INFO: [Synth 8-638] synthesizing module 'NPC' [C:/Users/lenovo/Desktop/P15_Final/P15_Final/P15_Final.srcs/sources_1/new/NPC.v:24]
INFO: [Synth 8-256] done synthesizing module 'NPC' (3#1) [C:/Users/lenovo/Desktop/P15_Final/P15_Final/P15_Final.srcs/sources_1/new/NPC.v:24]
INFO: [Synth 8-638] synthesizing module 'im_4k' [C:/Users/lenovo/Desktop/P15_Final/P15_Final/P15_Final.srcs/sources_1/new/im_4k.v:23]

Warning: Trying to implement RAM in registers. Block RAM or DRAM implementation is not possible for one or more of the following reasons :
	1: Unable to determine number of words or word size in RAM. 
	2: No valid read/write found for RAM. 
RAM dissolved into registers
WARNING: [Synth 8-3848] Net imem in module/entity im_4k does not have driver. [C:/Users/lenovo/Desktop/P15_Final/P15_Final/P15_Final.srcs/sources_1/new/im_4k.v:28]
WARNING: [Synth 8-3848] Net imem in module/entity im_4k does not have driver. [C:/Users/lenovo/Desktop/P15_Final/P15_Final/P15_Final.srcs/sources_1/new/im_4k.v:28]
WARNING: [Synth 8-3848] Net imem in module/entity im_4k does not have driver. [C:/Users/lenovo/Desktop/P15_Final/P15_Final/P15_Final.srcs/sources_1/new/im_4k.v:28]
WARNING: [Synth 8-3848] Net imem in module/entity im_4k does not have driver. [C:/Users/lenovo/Desktop/P15_Final/P15_Final/P15_Final.srcs/sources_1/new/im_4k.v:28]
WARNING: [Synth 8-3848] Net imem in module/entity im_4k does not have driver. [C:/Users/lenovo/Desktop/P15_Final/P15_Final/P15_Final.srcs/sources_1/new/im_4k.v:28]
WARNING: [Synth 8-3848] Net imem in module/entity im_4k does not have driver. [C:/Users/lenovo/Desktop/P15_Final/P15_Final/P15_Final.srcs/sources_1/new/im_4k.v:28]
WARNING: [Synth 8-3848] Net imem in module/entity im_4k does not have driver. [C:/Users/lenovo/Desktop/P15_Final/P15_Final/P15_Final.srcs/sources_1/new/im_4k.v:28]
WARNING: [Synth 8-3848] Net imem in module/entity im_4k does not have driver. [C:/Users/lenovo/Desktop/P15_Final/P15_Final/P15_Final.srcs/sources_1/new/im_4k.v:28]
WARNING: [Synth 8-3848] Net imem in module/entity im_4k does not have driver. [C:/Users/lenovo/Desktop/P15_Final/P15_Final/P15_Final.srcs/sources_1/new/im_4k.v:28]
WARNING: [Synth 8-3848] Net imem in module/entity im_4k does not have driver. [C:/Users/lenovo/Desktop/P15_Final/P15_Final/P15_Final.srcs/sources_1/new/im_4k.v:28]
WARNING: [Synth 8-3848] Net imem in module/entity im_4k does not have driver. [C:/Users/lenovo/Desktop/P15_Final/P15_Final/P15_Final.srcs/sources_1/new/im_4k.v:28]
WARNING: [Synth 8-3848] Net imem in module/entity im_4k does not have driver. [C:/Users/lenovo/Desktop/P15_Final/P15_Final/P15_Final.srcs/sources_1/new/im_4k.v:28]
WARNING: [Synth 8-3848] Net imem in module/entity im_4k does not have driver. [C:/Users/lenovo/Desktop/P15_Final/P15_Final/P15_Final.srcs/sources_1/new/im_4k.v:28]
WARNING: [Synth 8-3848] Net imem in module/entity im_4k does not have driver. [C:/Users/lenovo/Desktop/P15_Final/P15_Final/P15_Final.srcs/sources_1/new/im_4k.v:28]
WARNING: [Synth 8-3848] Net imem in module/entity im_4k does not have driver. [C:/Users/lenovo/Desktop/P15_Final/P15_Final/P15_Final.srcs/sources_1/new/im_4k.v:28]
WARNING: [Synth 8-3848] Net imem in module/entity im_4k does not have driver. [C:/Users/lenovo/Desktop/P15_Final/P15_Final/P15_Final.srcs/sources_1/new/im_4k.v:28]
WARNING: [Synth 8-3848] Net imem in module/entity im_4k does not have driver. [C:/Users/lenovo/Desktop/P15_Final/P15_Final/P15_Final.srcs/sources_1/new/im_4k.v:28]
WARNING: [Synth 8-3848] Net imem in module/entity im_4k does not have driver. [C:/Users/lenovo/Desktop/P15_Final/P15_Final/P15_Final.srcs/sources_1/new/im_4k.v:28]
WARNING: [Synth 8-3848] Net imem in module/entity im_4k does not have driver. [C:/Users/lenovo/Desktop/P15_Final/P15_Final/P15_Final.srcs/sources_1/new/im_4k.v:28]
WARNING: [Synth 8-3848] Net imem in module/entity im_4k does not have driver. [C:/Users/lenovo/Desktop/P15_Final/P15_Final/P15_Final.srcs/sources_1/new/im_4k.v:28]
WARNING: [Synth 8-3848] Net imem in module/entity im_4k does not have driver. [C:/Users/lenovo/Desktop/P15_Final/P15_Final/P15_Final.srcs/sources_1/new/im_4k.v:28]
WARNING: [Synth 8-3848] Net imem in module/entity im_4k does not have driver. [C:/Users/lenovo/Desktop/P15_Final/P15_Final/P15_Final.srcs/sources_1/new/im_4k.v:28]
WARNING: [Synth 8-3848] Net imem in module/entity im_4k does not have driver. [C:/Users/lenovo/Desktop/P15_Final/P15_Final/P15_Final.srcs/sources_1/new/im_4k.v:28]
WARNING: [Synth 8-3848] Net imem in module/entity im_4k does not have driver. [C:/Users/lenovo/Desktop/P15_Final/P15_Final/P15_Final.srcs/sources_1/new/im_4k.v:28]
WARNING: [Synth 8-3848] Net imem in module/entity im_4k does not have driver. [C:/Users/lenovo/Desktop/P15_Final/P15_Final/P15_Final.srcs/sources_1/new/im_4k.v:28]
WARNING: [Synth 8-3848] Net imem in module/entity im_4k does not have driver. [C:/Users/lenovo/Desktop/P15_Final/P15_Final/P15_Final.srcs/sources_1/new/im_4k.v:28]
WARNING: [Synth 8-3848] Net imem in module/entity im_4k does not have driver. [C:/Users/lenovo/Desktop/P15_Final/P15_Final/P15_Final.srcs/sources_1/new/im_4k.v:28]
WARNING: [Synth 8-3848] Net imem in module/entity im_4k does not have driver. [C:/Users/lenovo/Desktop/P15_Final/P15_Final/P15_Final.srcs/sources_1/new/im_4k.v:28]
WARNING: [Synth 8-3848] Net imem in module/entity im_4k does not have driver. [C:/Users/lenovo/Desktop/P15_Final/P15_Final/P15_Final.srcs/sources_1/new/im_4k.v:28]
WARNING: [Synth 8-3848] Net imem in module/entity im_4k does not have driver. [C:/Users/lenovo/Desktop/P15_Final/P15_Final/P15_Final.srcs/sources_1/new/im_4k.v:28]
WARNING: [Synth 8-3848] Net imem in module/entity im_4k does not have driver. [C:/Users/lenovo/Desktop/P15_Final/P15_Final/P15_Final.srcs/sources_1/new/im_4k.v:28]
WARNING: [Synth 8-3848] Net imem in module/entity im_4k does not have driver. [C:/Users/lenovo/Desktop/P15_Final/P15_Final/P15_Final.srcs/sources_1/new/im_4k.v:28]
WARNING: [Synth 8-3848] Net imem in module/entity im_4k does not have driver. [C:/Users/lenovo/Desktop/P15_Final/P15_Final/P15_Final.srcs/sources_1/new/im_4k.v:28]
WARNING: [Synth 8-3848] Net imem in module/entity im_4k does not have driver. [C:/Users/lenovo/Desktop/P15_Final/P15_Final/P15_Final.srcs/sources_1/new/im_4k.v:28]
WARNING: [Synth 8-3848] Net imem in module/entity im_4k does not have driver. [C:/Users/lenovo/Desktop/P15_Final/P15_Final/P15_Final.srcs/sources_1/new/im_4k.v:28]
WARNING: [Synth 8-3848] Net imem in module/entity im_4k does not have driver. [C:/Users/lenovo/Desktop/P15_Final/P15_Final/P15_Final.srcs/sources_1/new/im_4k.v:28]
WARNING: [Synth 8-3848] Net imem in module/entity im_4k does not have driver. [C:/Users/lenovo/Desktop/P15_Final/P15_Final/P15_Final.srcs/sources_1/new/im_4k.v:28]
WARNING: [Synth 8-3848] Net imem in module/entity im_4k does not have driver. [C:/Users/lenovo/Desktop/P15_Final/P15_Final/P15_Final.srcs/sources_1/new/im_4k.v:28]
WARNING: [Synth 8-3848] Net imem in module/entity im_4k does not have driver. [C:/Users/lenovo/Desktop/P15_Final/P15_Final/P15_Final.srcs/sources_1/new/im_4k.v:28]
WARNING: [Synth 8-3848] Net imem in module/entity im_4k does not have driver. [C:/Users/lenovo/Desktop/P15_Final/P15_Final/P15_Final.srcs/sources_1/new/im_4k.v:28]
WARNING: [Synth 8-3848] Net imem in module/entity im_4k does not have driver. [C:/Users/lenovo/Desktop/P15_Final/P15_Final/P15_Final.srcs/sources_1/new/im_4k.v:28]
WARNING: [Synth 8-3848] Net imem in module/entity im_4k does not have driver. [C:/Users/lenovo/Desktop/P15_Final/P15_Final/P15_Final.srcs/sources_1/new/im_4k.v:28]
WARNING: [Synth 8-3848] Net imem in module/entity im_4k does not have driver. [C:/Users/lenovo/Desktop/P15_Final/P15_Final/P15_Final.srcs/sources_1/new/im_4k.v:28]
WARNING: [Synth 8-3848] Net imem in module/entity im_4k does not have driver. [C:/Users/lenovo/Desktop/P15_Final/P15_Final/P15_Final.srcs/sources_1/new/im_4k.v:28]
WARNING: [Synth 8-3848] Net imem in module/entity im_4k does not have driver. [C:/Users/lenovo/Desktop/P15_Final/P15_Final/P15_Final.srcs/sources_1/new/im_4k.v:28]
WARNING: [Synth 8-3848] Net imem in module/entity im_4k does not have driver. [C:/Users/lenovo/Desktop/P15_Final/P15_Final/P15_Final.srcs/sources_1/new/im_4k.v:28]
WARNING: [Synth 8-3848] Net imem in module/entity im_4k does not have driver. [C:/Users/lenovo/Desktop/P15_Final/P15_Final/P15_Final.srcs/sources_1/new/im_4k.v:28]
WARNING: [Synth 8-3848] Net imem in module/entity im_4k does not have driver. [C:/Users/lenovo/Desktop/P15_Final/P15_Final/P15_Final.srcs/sources_1/new/im_4k.v:28]
WARNING: [Synth 8-3848] Net imem in module/entity im_4k does not have driver. [C:/Users/lenovo/Desktop/P15_Final/P15_Final/P15_Final.srcs/sources_1/new/im_4k.v:28]
WARNING: [Synth 8-3848] Net imem in module/entity im_4k does not have driver. [C:/Users/lenovo/Desktop/P15_Final/P15_Final/P15_Final.srcs/sources_1/new/im_4k.v:28]
WARNING: [Synth 8-3848] Net imem in module/entity im_4k does not have driver. [C:/Users/lenovo/Desktop/P15_Final/P15_Final/P15_Final.srcs/sources_1/new/im_4k.v:28]
WARNING: [Synth 8-3848] Net imem in module/entity im_4k does not have driver. [C:/Users/lenovo/Desktop/P15_Final/P15_Final/P15_Final.srcs/sources_1/new/im_4k.v:28]
WARNING: [Synth 8-3848] Net imem in module/entity im_4k does not have driver. [C:/Users/lenovo/Desktop/P15_Final/P15_Final/P15_Final.srcs/sources_1/new/im_4k.v:28]
WARNING: [Synth 8-3848] Net imem in module/entity im_4k does not have driver. [C:/Users/lenovo/Desktop/P15_Final/P15_Final/P15_Final.srcs/sources_1/new/im_4k.v:28]
WARNING: [Synth 8-3848] Net imem in module/entity im_4k does not have driver. [C:/Users/lenovo/Desktop/P15_Final/P15_Final/P15_Final.srcs/sources_1/new/im_4k.v:28]
WARNING: [Synth 8-3848] Net imem in module/entity im_4k does not have driver. [C:/Users/lenovo/Desktop/P15_Final/P15_Final/P15_Final.srcs/sources_1/new/im_4k.v:28]
WARNING: [Synth 8-3848] Net imem in module/entity im_4k does not have driver. [C:/Users/lenovo/Desktop/P15_Final/P15_Final/P15_Final.srcs/sources_1/new/im_4k.v:28]
WARNING: [Synth 8-3848] Net imem in module/entity im_4k does not have driver. [C:/Users/lenovo/Desktop/P15_Final/P15_Final/P15_Final.srcs/sources_1/new/im_4k.v:28]
WARNING: [Synth 8-3848] Net imem in module/entity im_4k does not have driver. [C:/Users/lenovo/Desktop/P15_Final/P15_Final/P15_Final.srcs/sources_1/new/im_4k.v:28]
WARNING: [Synth 8-3848] Net imem in module/entity im_4k does not have driver. [C:/Users/lenovo/Desktop/P15_Final/P15_Final/P15_Final.srcs/sources_1/new/im_4k.v:28]
WARNING: [Synth 8-3848] Net imem in module/entity im_4k does not have driver. [C:/Users/lenovo/Desktop/P15_Final/P15_Final/P15_Final.srcs/sources_1/new/im_4k.v:28]
WARNING: [Synth 8-3848] Net imem in module/entity im_4k does not have driver. [C:/Users/lenovo/Desktop/P15_Final/P15_Final/P15_Final.srcs/sources_1/new/im_4k.v:28]
WARNING: [Synth 8-3848] Net imem in module/entity im_4k does not have driver. [C:/Users/lenovo/Desktop/P15_Final/P15_Final/P15_Final.srcs/sources_1/new/im_4k.v:28]
WARNING: [Synth 8-3848] Net imem in module/entity im_4k does not have driver. [C:/Users/lenovo/Desktop/P15_Final/P15_Final/P15_Final.srcs/sources_1/new/im_4k.v:28]
WARNING: [Synth 8-3848] Net imem in module/entity im_4k does not have driver. [C:/Users/lenovo/Desktop/P15_Final/P15_Final/P15_Final.srcs/sources_1/new/im_4k.v:28]
WARNING: [Synth 8-3848] Net imem in module/entity im_4k does not have driver. [C:/Users/lenovo/Desktop/P15_Final/P15_Final/P15_Final.srcs/sources_1/new/im_4k.v:28]
WARNING: [Synth 8-3848] Net imem in module/entity im_4k does not have driver. [C:/Users/lenovo/Desktop/P15_Final/P15_Final/P15_Final.srcs/sources_1/new/im_4k.v:28]
WARNING: [Synth 8-3848] Net imem in module/entity im_4k does not have driver. [C:/Users/lenovo/Desktop/P15_Final/P15_Final/P15_Final.srcs/sources_1/new/im_4k.v:28]
WARNING: [Synth 8-3848] Net imem in module/entity im_4k does not have driver. [C:/Users/lenovo/Desktop/P15_Final/P15_Final/P15_Final.srcs/sources_1/new/im_4k.v:28]
WARNING: [Synth 8-3848] Net imem in module/entity im_4k does not have driver. [C:/Users/lenovo/Desktop/P15_Final/P15_Final/P15_Final.srcs/sources_1/new/im_4k.v:28]
WARNING: [Synth 8-3848] Net imem in module/entity im_4k does not have driver. [C:/Users/lenovo/Desktop/P15_Final/P15_Final/P15_Final.srcs/sources_1/new/im_4k.v:28]
WARNING: [Synth 8-3848] Net imem in module/entity im_4k does not have driver. [C:/Users/lenovo/Desktop/P15_Final/P15_Final/P15_Final.srcs/sources_1/new/im_4k.v:28]
WARNING: [Synth 8-3848] Net imem in module/entity im_4k does not have driver. [C:/Users/lenovo/Desktop/P15_Final/P15_Final/P15_Final.srcs/sources_1/new/im_4k.v:28]
WARNING: [Synth 8-3848] Net imem in module/entity im_4k does not have driver. [C:/Users/lenovo/Desktop/P15_Final/P15_Final/P15_Final.srcs/sources_1/new/im_4k.v:28]
WARNING: [Synth 8-3848] Net imem in module/entity im_4k does not have driver. [C:/Users/lenovo/Desktop/P15_Final/P15_Final/P15_Final.srcs/sources_1/new/im_4k.v:28]
WARNING: [Synth 8-3848] Net imem in module/entity im_4k does not have driver. [C:/Users/lenovo/Desktop/P15_Final/P15_Final/P15_Final.srcs/sources_1/new/im_4k.v:28]
WARNING: [Synth 8-3848] Net imem in module/entity im_4k does not have driver. [C:/Users/lenovo/Desktop/P15_Final/P15_Final/P15_Final.srcs/sources_1/new/im_4k.v:28]
WARNING: [Synth 8-3848] Net imem in module/entity im_4k does not have driver. [C:/Users/lenovo/Desktop/P15_Final/P15_Final/P15_Final.srcs/sources_1/new/im_4k.v:28]
WARNING: [Synth 8-3848] Net imem in module/entity im_4k does not have driver. [C:/Users/lenovo/Desktop/P15_Final/P15_Final/P15_Final.srcs/sources_1/new/im_4k.v:28]
WARNING: [Synth 8-3848] Net imem in module/entity im_4k does not have driver. [C:/Users/lenovo/Desktop/P15_Final/P15_Final/P15_Final.srcs/sources_1/new/im_4k.v:28]
WARNING: [Synth 8-3848] Net imem in module/entity im_4k does not have driver. [C:/Users/lenovo/Desktop/P15_Final/P15_Final/P15_Final.srcs/sources_1/new/im_4k.v:28]
WARNING: [Synth 8-3848] Net imem in module/entity im_4k does not have driver. [C:/Users/lenovo/Desktop/P15_Final/P15_Final/P15_Final.srcs/sources_1/new/im_4k.v:28]
WARNING: [Synth 8-3848] Net imem in module/entity im_4k does not have driver. [C:/Users/lenovo/Desktop/P15_Final/P15_Final/P15_Final.srcs/sources_1/new/im_4k.v:28]
WARNING: [Synth 8-3848] Net imem in module/entity im_4k does not have driver. [C:/Users/lenovo/Desktop/P15_Final/P15_Final/P15_Final.srcs/sources_1/new/im_4k.v:28]
WARNING: [Synth 8-3848] Net imem in module/entity im_4k does not have driver. [C:/Users/lenovo/Desktop/P15_Final/P15_Final/P15_Final.srcs/sources_1/new/im_4k.v:28]
WARNING: [Synth 8-3848] Net imem in module/entity im_4k does not have driver. [C:/Users/lenovo/Desktop/P15_Final/P15_Final/P15_Final.srcs/sources_1/new/im_4k.v:28]
WARNING: [Synth 8-3848] Net imem in module/entity im_4k does not have driver. [C:/Users/lenovo/Desktop/P15_Final/P15_Final/P15_Final.srcs/sources_1/new/im_4k.v:28]
WARNING: [Synth 8-3848] Net imem in module/entity im_4k does not have driver. [C:/Users/lenovo/Desktop/P15_Final/P15_Final/P15_Final.srcs/sources_1/new/im_4k.v:28]
WARNING: [Synth 8-3848] Net imem in module/entity im_4k does not have driver. [C:/Users/lenovo/Desktop/P15_Final/P15_Final/P15_Final.srcs/sources_1/new/im_4k.v:28]
WARNING: [Synth 8-3848] Net imem in module/entity im_4k does not have driver. [C:/Users/lenovo/Desktop/P15_Final/P15_Final/P15_Final.srcs/sources_1/new/im_4k.v:28]
WARNING: [Synth 8-3848] Net imem in module/entity im_4k does not have driver. [C:/Users/lenovo/Desktop/P15_Final/P15_Final/P15_Final.srcs/sources_1/new/im_4k.v:28]
WARNING: [Synth 8-3848] Net imem in module/entity im_4k does not have driver. [C:/Users/lenovo/Desktop/P15_Final/P15_Final/P15_Final.srcs/sources_1/new/im_4k.v:28]
WARNING: [Synth 8-3848] Net imem in module/entity im_4k does not have driver. [C:/Users/lenovo/Desktop/P15_Final/P15_Final/P15_Final.srcs/sources_1/new/im_4k.v:28]
WARNING: [Synth 8-3848] Net imem in module/entity im_4k does not have driver. [C:/Users/lenovo/Desktop/P15_Final/P15_Final/P15_Final.srcs/sources_1/new/im_4k.v:28]
WARNING: [Synth 8-3848] Net imem in module/entity im_4k does not have driver. [C:/Users/lenovo/Desktop/P15_Final/P15_Final/P15_Final.srcs/sources_1/new/im_4k.v:28]
WARNING: [Synth 8-3848] Net imem in module/entity im_4k does not have driver. [C:/Users/lenovo/Desktop/P15_Final/P15_Final/P15_Final.srcs/sources_1/new/im_4k.v:28]
WARNING: [Synth 8-3848] Net imem in module/entity im_4k does not have driver. [C:/Users/lenovo/Desktop/P15_Final/P15_Final/P15_Final.srcs/sources_1/new/im_4k.v:28]
WARNING: [Synth 8-3848] Net imem in module/entity im_4k does not have driver. [C:/Users/lenovo/Desktop/P15_Final/P15_Final/P15_Final.srcs/sources_1/new/im_4k.v:28]
WARNING: [Synth 8-3848] Net imem in module/entity im_4k does not have driver. [C:/Users/lenovo/Desktop/P15_Final/P15_Final/P15_Final.srcs/sources_1/new/im_4k.v:28]
WARNING: [Synth 8-3848] Net imem in module/entity im_4k does not have driver. [C:/Users/lenovo/Desktop/P15_Final/P15_Final/P15_Final.srcs/sources_1/new/im_4k.v:28]
INFO: [Common 17-14] Message 'Synth 8-3848' appears 100 times and further instances of the messages will be disabled. Use the Tcl command set_msg_config to change the current settings.
INFO: [Synth 8-256] done synthesizing module 'im_4k' (4#1) [C:/Users/lenovo/Desktop/P15_Final/P15_Final/P15_Final.srcs/sources_1/new/im_4k.v:23]
INFO: [Synth 8-638] synthesizing module 'IR' [C:/Users/lenovo/Desktop/P15_Final/P15_Final/P15_Final.srcs/sources_1/new/IR.v:23]
INFO: [Synth 8-256] done synthesizing module 'IR' (5#1) [C:/Users/lenovo/Desktop/P15_Final/P15_Final/P15_Final.srcs/sources_1/new/IR.v:23]
INFO: [Synth 8-638] synthesizing module 'RF' [C:/Users/lenovo/Desktop/P15_Final/P15_Final/P15_Final.srcs/sources_1/new/RF.v:23]
INFO: [Synth 8-256] done synthesizing module 'RF' (6#1) [C:/Users/lenovo/Desktop/P15_Final/P15_Final/P15_Final.srcs/sources_1/new/RF.v:23]
INFO: [Synth 8-638] synthesizing module 'mux4' [C:/Users/lenovo/Desktop/P15_Final/P15_Final/P15_Final.srcs/sources_1/new/mux.v:41]
	Parameter WIDTH bound to: 5 - type: integer 
INFO: [Synth 8-226] default block is never used [C:/Users/lenovo/Desktop/P15_Final/P15_Final/P15_Final.srcs/sources_1/new/mux.v:52]
INFO: [Synth 8-256] done synthesizing module 'mux4' (7#1) [C:/Users/lenovo/Desktop/P15_Final/P15_Final/P15_Final.srcs/sources_1/new/mux.v:41]
INFO: [Synth 8-638] synthesizing module 'mux4__parameterized0' [C:/Users/lenovo/Desktop/P15_Final/P15_Final/P15_Final.srcs/sources_1/new/mux.v:41]
	Parameter WIDTH bound to: 32 - type: integer 
INFO: [Synth 8-226] default block is never used [C:/Users/lenovo/Desktop/P15_Final/P15_Final/P15_Final.srcs/sources_1/new/mux.v:52]
INFO: [Synth 8-256] done synthesizing module 'mux4__parameterized0' (7#1) [C:/Users/lenovo/Desktop/P15_Final/P15_Final/P15_Final.srcs/sources_1/new/mux.v:41]
INFO: [Synth 8-638] synthesizing module 'flopr' [C:/Users/lenovo/Desktop/P15_Final/P15_Final/P15_Final.srcs/sources_1/new/flopr.v:23]
	Parameter WIDTH bound to: 32 - type: integer 
INFO: [Synth 8-256] done synthesizing module 'flopr' (8#1) [C:/Users/lenovo/Desktop/P15_Final/P15_Final/P15_Final.srcs/sources_1/new/flopr.v:23]
INFO: [Synth 8-638] synthesizing module 'EXT' [C:/Users/lenovo/Desktop/P15_Final/P15_Final/P15_Final.srcs/sources_1/new/EXT.v:24]
INFO: [Synth 8-256] done synthesizing module 'EXT' (9#1) [C:/Users/lenovo/Desktop/P15_Final/P15_Final/P15_Final.srcs/sources_1/new/EXT.v:24]
INFO: [Synth 8-638] synthesizing module 'mux2' [C:/Users/lenovo/Desktop/P15_Final/P15_Final/P15_Final.srcs/sources_1/new/mux.v:28]
	Parameter WIDTH bound to: 32 - type: integer 
INFO: [Synth 8-256] done synthesizing module 'mux2' (10#1) [C:/Users/lenovo/Desktop/P15_Final/P15_Final/P15_Final.srcs/sources_1/new/mux.v:28]
INFO: [Synth 8-638] synthesizing module 'alu' [C:/Users/lenovo/Desktop/P15_Final/P15_Final/P15_Final.srcs/sources_1/new/alu.v:24]
INFO: [Synth 8-256] done synthesizing module 'alu' (11#1) [C:/Users/lenovo/Desktop/P15_Final/P15_Final/P15_Final.srcs/sources_1/new/alu.v:24]
INFO: [Synth 8-638] synthesizing module 'dm_4k' [C:/Users/lenovo/Desktop/P15_Final/P15_Final/P15_Final.srcs/sources_1/new/dm_4k.v:23]
INFO: [Synth 8-256] done synthesizing module 'dm_4k' (12#1) [C:/Users/lenovo/Desktop/P15_Final/P15_Final/P15_Final.srcs/sources_1/new/dm_4k.v:23]
INFO: [Synth 8-256] done synthesizing module 'mips' (13#1) [C:/Users/lenovo/Desktop/P15_Final/P15_Final/P15_Final.srcs/sources_1/new/mips.v:23]
WARNING: [Synth 8-3917] design mips has port mips_pc[1] driven by constant 0
WARNING: [Synth 8-3917] design mips has port mips_pc[0] driven by constant 0
WARNING: [Synth 8-3331] design im_4k has unconnected port rst
---------------------------------------------------------------------------------
Finished Synthesize : Time (s): cpu = 00:00:16 ; elapsed = 00:00:21 . Memory (MB): peak = 448.676 ; gain = 159.527
---------------------------------------------------------------------------------
---------------------------------------------------------------------------------
Finished Constraint Validation : Time (s): cpu = 00:00:17 ; elapsed = 00:00:22 . Memory (MB): peak = 448.676 ; gain = 159.527
---------------------------------------------------------------------------------
---------------------------------------------------------------------------------
Start Loading Part and Timing Information
---------------------------------------------------------------------------------
Loading part: xc7a200tfbg676-2
---------------------------------------------------------------------------------
Finished Loading Part and Timing Information : Time (s): cpu = 00:00:17 ; elapsed = 00:00:22 . Memory (MB): peak = 448.676 ; gain = 159.527
---------------------------------------------------------------------------------
INFO: [Device 21-403] Loading part xc7a200tfbg676-2
INFO: [Synth 8-5546] ROM "RFWr" won't be mapped to RAM because it is too sparse
INFO: [Synth 8-5546] ROM "ALUOp" won't be mapped to RAM because it is too sparse
INFO: [Synth 8-5818] HDL ADVISOR - The operator resource <adder> is shared. To prevent sharing consider applying a KEEP on the output of the operator [C:/Users/lenovo/Desktop/P15_Final/P15_Final/P15_Final.srcs/sources_1/new/NPC.v:34]
INFO: [Synth 8-5818] HDL ADVISOR - The operator resource <adder> is shared. To prevent sharing consider applying a KEEP on the output of the operator [C:/Users/lenovo/Desktop/P15_Final/P15_Final/P15_Final.srcs/sources_1/new/alu.v:34]
INFO: [Synth 8-5544] ROM "C" won't be mapped to Block RAM because address size (4) smaller than threshold (5)
WARNING: [Synth 8-327] inferring latch for variable 'RFWr_reg' [C:/Users/lenovo/Desktop/P15_Final/P15_Final/P15_Final.srcs/sources_1/new/ctrl.v:128]
WARNING: [Synth 8-327] inferring latch for variable 'nextstate_reg' [C:/Users/lenovo/Desktop/P15_Final/P15_Final/P15_Final.srcs/sources_1/new/ctrl.v:85]
WARNING: [Synth 8-327] inferring latch for variable 'EXTOp_reg' [C:/Users/lenovo/Desktop/P15_Final/P15_Final/P15_Final.srcs/sources_1/new/ctrl.v:137]
WARNING: [Synth 8-327] inferring latch for variable 'ALUOp_reg' [C:/Users/lenovo/Desktop/P15_Final/P15_Final/P15_Final.srcs/sources_1/new/ctrl.v:154]
WARNING: [Synth 8-327] inferring latch for variable 'NPCOp_reg' [C:/Users/lenovo/Desktop/P15_Final/P15_Final/P15_Final.srcs/sources_1/new/ctrl.v:126]
WARNING: [Synth 8-327] inferring latch for variable 'RF_A3_sel_reg' [C:/Users/lenovo/Desktop/P15_Final/P15_Final/P15_Final.srcs/sources_1/new/ctrl.v:200]
WARNING: [Synth 8-327] inferring latch for variable 'RF_WD_sel_reg' [C:/Users/lenovo/Desktop/P15_Final/P15_Final/P15_Final.srcs/sources_1/new/ctrl.v:201]
WARNING: [Synth 8-327] inferring latch for variable 'B_sel_reg' [C:/Users/lenovo/Desktop/P15_Final/P15_Final/P15_Final.srcs/sources_1/new/ctrl.v:150]
WARNING: [Synth 8-327] inferring latch for variable 'NPC_reg' [C:/Users/lenovo/Desktop/P15_Final/P15_Final/P15_Final.srcs/sources_1/new/NPC.v:35]
WARNING: [Synth 8-327] inferring latch for variable 'Imm32_reg' [C:/Users/lenovo/Desktop/P15_Final/P15_Final/P15_Final.srcs/sources_1/new/EXT.v:34]
WARNING: [Synth 8-327] inferring latch for variable 'C_reg' [C:/Users/lenovo/Desktop/P15_Final/P15_Final/P15_Final.srcs/sources_1/new/alu.v:35]
---------------------------------------------------------------------------------
Finished RTL Optimization Phase 2 : Time (s): cpu = 00:00:21 ; elapsed = 00:00:26 . Memory (MB): peak = 493.613 ; gain = 204.465
---------------------------------------------------------------------------------

Report RTL Partitions: 
+-+--------------+------------+----------+
| |RTL Partition |Replication |Instances |
+-+--------------+------------+----------+
+-+--------------+------------+----------+
No constraint files found.
---------------------------------------------------------------------------------
Start RTL Component Statistics 
---------------------------------------------------------------------------------
Detailed RTL Component Info : 
+---Adders : 
	   3 Input     32 Bit       Adders := 1     
	   2 Input     30 Bit       Adders := 1     
+---XORs : 
	   2 Input     32 Bit         XORs := 1     
+---Registers : 
	               32 Bit    Registers := 5     
	               30 Bit    Registers := 1     
	                4 Bit    Registers := 1     
+---Muxes : 
	   2 Input     32 Bit        Muxes := 4     
	   4 Input     32 Bit        Muxes := 2     
	   7 Input     32 Bit        Muxes := 1     
	   4 Input     30 Bit        Muxes := 2     
	   4 Input      5 Bit        Muxes := 1     
	  11 Input      4 Bit        Muxes := 2     
	   2 Input      4 Bit        Muxes := 2     
	   5 Input      4 Bit        Muxes := 1     
	   7 Input      4 Bit        Muxes := 1     
	   5 Input      3 Bit        Muxes := 1     
	   2 Input      3 Bit        Muxes := 1     
	  11 Input      2 Bit        Muxes := 4     
	  11 Input      1 Bit        Muxes := 10    
	  12 Input      1 Bit        Muxes := 1     
	  13 Input      1 Bit        Muxes := 1     
	   2 Input      1 Bit        Muxes := 4     
	   6 Input      1 Bit        Muxes := 1     
	   7 Input      1 Bit        Muxes := 2     
	   4 Input      1 Bit        Muxes := 2     
---------------------------------------------------------------------------------
Finished RTL Component Statistics 
---------------------------------------------------------------------------------
---------------------------------------------------------------------------------
Start RTL Hierarchical Component Statistics 
---------------------------------------------------------------------------------
Hierarchical RTL Component report 
Module ctrl 
Detailed RTL Component Info : 
+---Registers : 
	                4 Bit    Registers := 1     
+---Muxes : 
	  11 Input      4 Bit        Muxes := 2     
	   2 Input      4 Bit        Muxes := 2     
	   5 Input      4 Bit        Muxes := 1     
	   7 Input      4 Bit        Muxes := 1     
	   5 Input      3 Bit        Muxes := 1     
	   2 Input      3 Bit        Muxes := 1     
	  11 Input      2 Bit        Muxes := 4     
	  11 Input      1 Bit        Muxes := 10    
	  12 Input      1 Bit        Muxes := 1     
	  13 Input      1 Bit        Muxes := 1     
	   2 Input      1 Bit        Muxes := 3     
	   6 Input      1 Bit        Muxes := 1     
	   7 Input      1 Bit        Muxes := 1     
Module PC 
Detailed RTL Component Info : 
+---Registers : 
	               30 Bit    Registers := 1     
Module NPC 
Detailed RTL Component Info : 
+---Adders : 
	   2 Input     30 Bit       Adders := 1     
+---Muxes : 
	   4 Input     30 Bit        Muxes := 2     
	   4 Input      1 Bit        Muxes := 1     
Module IR 
Detailed RTL Component Info : 
+---Registers : 
	               32 Bit    Registers := 1     
Module RF 
Detailed RTL Component Info : 
+---Muxes : 
	   2 Input     32 Bit        Muxes := 2     
Module mux4 
Detailed RTL Component Info : 
+---Muxes : 
	   4 Input      5 Bit        Muxes := 1     
Module mux4__parameterized0 
Detailed RTL Component Info : 
+---Muxes : 
	   4 Input     32 Bit        Muxes := 1     
Module flopr 
Detailed RTL Component Info : 
+---Registers : 
	               32 Bit    Registers := 1     
Module EXT 
Detailed RTL Component Info : 
+---Muxes : 
	   4 Input     32 Bit        Muxes := 1     
	   4 Input      1 Bit        Muxes := 1     
Module mux2 
Detailed RTL Component Info : 
+---Muxes : 
	   2 Input     32 Bit        Muxes := 1     
Module alu 
Detailed RTL Component Info : 
+---Adders : 
	   3 Input     32 Bit       Adders := 1     
+---XORs : 
	   2 Input     32 Bit         XORs := 1     
+---Muxes : 
	   2 Input     32 Bit        Muxes := 1     
	   7 Input     32 Bit        Muxes := 1     
	   2 Input      1 Bit        Muxes := 1     
	   7 Input      1 Bit        Muxes := 1     
---------------------------------------------------------------------------------
Finished RTL Hierarchical Component Statistics
---------------------------------------------------------------------------------
---------------------------------------------------------------------------------
Start Part Resource Summary
---------------------------------------------------------------------------------
Part Resources:
DSPs: 740 (col length:100)
BRAMs: 730 (col length: RAMB18 100 RAMB36 50)
---------------------------------------------------------------------------------
Finished Part Resource Summary
---------------------------------------------------------------------------------
No constraint files found.
---------------------------------------------------------------------------------
Start Cross Boundary and Area Optimization
---------------------------------------------------------------------------------
WARNING: [Synth 8-3917] design mips has port mips_pc[1] driven by constant 0
WARNING: [Synth 8-3917] design mips has port mips_pc[0] driven by constant 0
WARNING: [Synth 8-3331] design im_4k has unconnected port rst
INFO: [Synth 8-3333] propagating constant 0 across sequential element (\U_CTRL/ALUOp_reg[3] )
INFO: [Synth 8-3333] propagating constant 0 across sequential element (\U_CTRL/EXTOp_reg[1] )
INFO: [Synth 8-3886] merging instance 'U_IR/instr_reg[0]' (FDCE) to 'U_IR/instr_reg[1]'
INFO: [Synth 8-3886] merging instance 'U_IR/instr_reg[1]' (FDCE) to 'U_IR/instr_reg[2]'
INFO: [Synth 8-3886] merging instance 'U_IR/instr_reg[2]' (FDCE) to 'U_IR/instr_reg[3]'
INFO: [Synth 8-3886] merging instance 'U_IR/instr_reg[3]' (FDCE) to 'U_IR/instr_reg[4]'
INFO: [Synth 8-3886] merging instance 'U_IR/instr_reg[4]' (FDCE) to 'U_IR/instr_reg[5]'
INFO: [Synth 8-3886] merging instance 'U_IR/instr_reg[5]' (FDCE) to 'U_IR/instr_reg[6]'
INFO: [Synth 8-3886] merging instance 'U_IR/instr_reg[6]' (FDCE) to 'U_IR/instr_reg[7]'
INFO: [Synth 8-3886] merging instance 'U_IR/instr_reg[7]' (FDCE) to 'U_IR/instr_reg[8]'
INFO: [Synth 8-3886] merging instance 'U_IR/instr_reg[8]' (FDCE) to 'U_IR/instr_reg[9]'
INFO: [Synth 8-3886] merging instance 'U_IR/instr_reg[9]' (FDCE) to 'U_IR/instr_reg[10]'
INFO: [Synth 8-3886] merging instance 'U_IR/instr_reg[10]' (FDCE) to 'U_IR/instr_reg[11]'
INFO: [Synth 8-3886] merging instance 'U_IR/instr_reg[11]' (FDCE) to 'U_IR/instr_reg[12]'
INFO: [Synth 8-3886] merging instance 'U_IR/instr_reg[12]' (FDCE) to 'U_IR/instr_reg[13]'
INFO: [Synth 8-3886] merging instance 'U_IR/instr_reg[13]' (FDCE) to 'U_IR/instr_reg[14]'
INFO: [Synth 8-3886] merging instance 'U_IR/instr_reg[14]' (FDCE) to 'U_IR/instr_reg[15]'
INFO: [Synth 8-3886] merging instance 'U_IR/instr_reg[15]' (FDCE) to 'U_IR/instr_reg[16]'
INFO: [Synth 8-3886] merging instance 'U_IR/instr_reg[16]' (FDCE) to 'U_IR/instr_reg[17]'
INFO: [Synth 8-3886] merging instance 'U_IR/instr_reg[17]' (FDCE) to 'U_IR/instr_reg[18]'
INFO: [Synth 8-3886] merging instance 'U_IR/instr_reg[18]' (FDCE) to 'U_IR/instr_reg[19]'
INFO: [Synth 8-3886] merging instance 'U_IR/instr_reg[19]' (FDCE) to 'U_IR/instr_reg[20]'
INFO: [Synth 8-3886] merging instance 'U_IR/instr_reg[20]' (FDCE) to 'U_IR/instr_reg[21]'
INFO: [Synth 8-3886] merging instance 'U_IR/instr_reg[21]' (FDCE) to 'U_IR/instr_reg[22]'
INFO: [Synth 8-3886] merging instance 'U_IR/instr_reg[22]' (FDCE) to 'U_IR/instr_reg[23]'
INFO: [Synth 8-3886] merging instance 'U_IR/instr_reg[23]' (FDCE) to 'U_IR/instr_reg[24]'
INFO: [Synth 8-3886] merging instance 'U_IR/instr_reg[24]' (FDCE) to 'U_IR/instr_reg[25]'
INFO: [Synth 8-3886] merging instance 'U_IR/instr_reg[25]' (FDCE) to 'U_IR/instr_reg[26]'
INFO: [Synth 8-3886] merging instance 'U_IR/instr_reg[26]' (FDCE) to 'U_IR/instr_reg[27]'
INFO: [Synth 8-3886] merging instance 'U_IR/instr_reg[27]' (FDCE) to 'U_IR/instr_reg[28]'
INFO: [Synth 8-3886] merging instance 'U_IR/instr_reg[28]' (FDCE) to 'U_IR/instr_reg[29]'
INFO: [Synth 8-3886] merging instance 'U_IR/instr_reg[29]' (FDCE) to 'U_IR/instr_reg[30]'
INFO: [Synth 8-3886] merging instance 'U_IR/instr_reg[30]' (FDCE) to 'U_IR/instr_reg[31]'
INFO: [Synth 8-3333] propagating constant 0 across sequential element (\U_IR/instr_reg[31] )
INFO: [Synth 8-3333] propagating constant 0 across sequential element (\U_EXT/Imm32_reg[0] )
INFO: [Synth 8-3333] propagating constant 0 across sequential element (\U_EXT/Imm32_reg[1] )
INFO: [Synth 8-3333] propagating constant 0 across sequential element (\U_EXT/Imm32_reg[2] )
INFO: [Synth 8-3886] merging instance 'U_CTRL/EXTOp_reg[1]' (LD) to 'U_CTRL/EXTOp_reg[0]'
INFO: [Synth 8-3333] propagating constant 0 across sequential element (\U_CTRL/EXTOp_reg[0] )
INFO: [Synth 8-3333] propagating constant 0 across sequential element (\U_EXT/Imm32_reg[3] )
INFO: [Synth 8-3333] propagating constant 0 across sequential element (\U_EXT/Imm32_reg[4] )
INFO: [Synth 8-3333] propagating constant 0 across sequential element (\U_EXT/Imm32_reg[5] )
INFO: [Synth 8-3333] propagating constant 0 across sequential element (\U_EXT/Imm32_reg[6] )
INFO: [Synth 8-3333] propagating constant 0 across sequential element (\U_EXT/Imm32_reg[7] )
INFO: [Synth 8-3333] propagating constant 0 across sequential element (\U_EXT/Imm32_reg[8] )
INFO: [Synth 8-3333] propagating constant 0 across sequential element (\U_EXT/Imm32_reg[9] )
INFO: [Synth 8-3333] propagating constant 0 across sequential element (\U_EXT/Imm32_reg[10] )
INFO: [Synth 8-3333] propagating constant 0 across sequential element (\U_EXT/Imm32_reg[11] )
INFO: [Synth 8-3333] propagating constant 0 across sequential element (\U_EXT/Imm32_reg[12] )
INFO: [Synth 8-3333] propagating constant 0 across sequential element (\U_EXT/Imm32_reg[13] )
INFO: [Synth 8-3333] propagating constant 0 across sequential element (\U_EXT/Imm32_reg[14] )
INFO: [Synth 8-3333] propagating constant 0 across sequential element (\U_EXT/Imm32_reg[15] )
INFO: [Synth 8-3333] propagating constant 0 across sequential element (\U_EXT/Imm32_reg[16] )
INFO: [Synth 8-3333] propagating constant 0 across sequential element (\U_EXT/Imm32_reg[17] )
INFO: [Synth 8-3333] propagating constant 0 across sequential element (\U_EXT/Imm32_reg[18] )
INFO: [Synth 8-3333] propagating constant 0 across sequential element (\U_EXT/Imm32_reg[19] )
INFO: [Synth 8-3333] propagating constant 0 across sequential element (\U_EXT/Imm32_reg[20] )
INFO: [Synth 8-3333] propagating constant 0 across sequential element (\U_EXT/Imm32_reg[21] )
INFO: [Synth 8-3333] propagating constant 0 across sequential element (\U_EXT/Imm32_reg[22] )
INFO: [Synth 8-3333] propagating constant 0 across sequential element (\U_EXT/Imm32_reg[23] )
INFO: [Synth 8-3333] propagating constant 0 across sequential element (\U_EXT/Imm32_reg[24] )
INFO: [Synth 8-3333] propagating constant 0 across sequential element (\U_EXT/Imm32_reg[25] )
INFO: [Synth 8-3333] propagating constant 0 across sequential element (\U_EXT/Imm32_reg[26] )
INFO: [Synth 8-3333] propagating constant 0 across sequential element (\U_EXT/Imm32_reg[27] )
INFO: [Synth 8-3333] propagating constant 0 across sequential element (\U_EXT/Imm32_reg[28] )
INFO: [Synth 8-3333] propagating constant 0 across sequential element (\U_EXT/Imm32_reg[29] )
INFO: [Synth 8-3333] propagating constant 0 across sequential element (\U_EXT/Imm32_reg[30] )
INFO: [Synth 8-3333] propagating constant 0 across sequential element (\U_EXT/Imm32_reg[31] )
WARNING: [Synth 8-3332] Sequential element (U_CTRL/RFWr_reg) is unused and will be removed from module mips.
WARNING: [Synth 8-3332] Sequential element (U_CTRL/EXTOp_reg[0]) is unused and will be removed from module mips.
WARNING: [Synth 8-3332] Sequential element (U_CTRL/ALUOp_reg[3]) is unused and will be removed from module mips.
WARNING: [Synth 8-3332] Sequential element (U_CTRL/ALUOp_reg[2]) is unused and will be removed from module mips.
WARNING: [Synth 8-3332] Sequential element (U_CTRL/ALUOp_reg[1]) is unused and will be removed from module mips.
WARNING: [Synth 8-3332] Sequential element (U_CTRL/ALUOp_reg[0]) is unused and will be removed from module mips.
WARNING: [Synth 8-3332] Sequential element (U_CTRL/RF_A3_sel_reg[1]) is unused and will be removed from module mips.
WARNING: [Synth 8-3332] Sequential element (U_CTRL/RF_A3_sel_reg[0]) is unused and will be removed from module mips.
WARNING: [Synth 8-3332] Sequential element (U_CTRL/RF_WD_sel_reg[1]) is unused and will be removed from module mips.
WARNING: [Synth 8-3332] Sequential element (U_CTRL/RF_WD_sel_reg[0]) is unused and will be removed from module mips.
WARNING: [Synth 8-3332] Sequential element (U_CTRL/B_sel_reg) is unused and will be removed from module mips.
WARNING: [Synth 8-3332] Sequential element (U_EXT/Imm32_reg[31]) is unused and will be removed from module mips.
WARNING: [Synth 8-3332] Sequential element (U_EXT/Imm32_reg[30]) is unused and will be removed from module mips.
WARNING: [Synth 8-3332] Sequential element (U_EXT/Imm32_reg[29]) is unused and will be removed from module mips.
WARNING: [Synth 8-3332] Sequential element (U_EXT/Imm32_reg[28]) is unused and will be removed from module mips.
WARNING: [Synth 8-3332] Sequential element (U_EXT/Imm32_reg[27]) is unused and will be removed from module mips.
WARNING: [Synth 8-3332] Sequential element (U_EXT/Imm32_reg[26]) is unused and will be removed from module mips.
WARNING: [Synth 8-3332] Sequential element (U_EXT/Imm32_reg[25]) is unused and will be removed from module mips.
WARNING: [Synth 8-3332] Sequential element (U_EXT/Imm32_reg[24]) is unused and will be removed from module mips.
WARNING: [Synth 8-3332] Sequential element (U_EXT/Imm32_reg[23]) is unused and will be removed from module mips.
WARNING: [Synth 8-3332] Sequential element (U_EXT/Imm32_reg[22]) is unused and will be removed from module mips.
WARNING: [Synth 8-3332] Sequential element (U_EXT/Imm32_reg[21]) is unused and will be removed from module mips.
WARNING: [Synth 8-3332] Sequential element (U_EXT/Imm32_reg[20]) is unused and will be removed from module mips.
WARNING: [Synth 8-3332] Sequential element (U_EXT/Imm32_reg[19]) is unused and will be removed from module mips.
WARNING: [Synth 8-3332] Sequential element (U_EXT/Imm32_reg[18]) is unused and will be removed from module mips.
WARNING: [Synth 8-3332] Sequential element (U_EXT/Imm32_reg[17]) is unused and will be removed from module mips.
WARNING: [Synth 8-3332] Sequential element (U_EXT/Imm32_reg[16]) is unused and will be removed from module mips.
WARNING: [Synth 8-3332] Sequential element (U_EXT/Imm32_reg[15]) is unused and will be removed from module mips.
WARNING: [Synth 8-3332] Sequential element (U_EXT/Imm32_reg[14]) is unused and will be removed from module mips.
WARNING: [Synth 8-3332] Sequential element (U_EXT/Imm32_reg[13]) is unused and will be removed from module mips.
WARNING: [Synth 8-3332] Sequential element (U_EXT/Imm32_reg[12]) is unused and will be removed from module mips.
WARNING: [Synth 8-3332] Sequential element (U_EXT/Imm32_reg[11]) is unused and will be removed from module mips.
WARNING: [Synth 8-3332] Sequential element (U_EXT/Imm32_reg[10]) is unused and will be removed from module mips.
WARNING: [Synth 8-3332] Sequential element (U_EXT/Imm32_reg[9]) is unused and will be removed from module mips.
WARNING: [Synth 8-3332] Sequential element (U_EXT/Imm32_reg[8]) is unused and will be removed from module mips.
WARNING: [Synth 8-3332] Sequential element (U_EXT/Imm32_reg[7]) is unused and will be removed from module mips.
WARNING: [Synth 8-3332] Sequential element (U_EXT/Imm32_reg[6]) is unused and will be removed from module mips.
WARNING: [Synth 8-3332] Sequential element (U_EXT/Imm32_reg[5]) is unused and will be removed from module mips.
WARNING: [Synth 8-3332] Sequential element (U_EXT/Imm32_reg[4]) is unused and will be removed from module mips.
WARNING: [Synth 8-3332] Sequential element (U_EXT/Imm32_reg[3]) is unused and will be removed from module mips.
WARNING: [Synth 8-3332] Sequential element (U_EXT/Imm32_reg[2]) is unused and will be removed from module mips.
WARNING: [Synth 8-3332] Sequential element (U_EXT/Imm32_reg[1]) is unused and will be removed from module mips.
WARNING: [Synth 8-3332] Sequential element (U_EXT/Imm32_reg[0]) is unused and will be removed from module mips.
WARNING: [Synth 8-3332] Sequential element (U_ALU/C_reg[31]) is unused and will be removed from module mips.
WARNING: [Synth 8-3332] Sequential element (U_ALU/C_reg[30]) is unused and will be removed from module mips.
WARNING: [Synth 8-3332] Sequential element (U_ALU/C_reg[29]) is unused and will be removed from module mips.
WARNING: [Synth 8-3332] Sequential element (U_ALU/C_reg[28]) is unused and will be removed from module mips.
WARNING: [Synth 8-3332] Sequential element (U_ALU/C_reg[27]) is unused and will be removed from module mips.
WARNING: [Synth 8-3332] Sequential element (U_ALU/C_reg[26]) is unused and will be removed from module mips.
WARNING: [Synth 8-3332] Sequential element (U_ALU/C_reg[25]) is unused and will be removed from module mips.
WARNING: [Synth 8-3332] Sequential element (U_ALU/C_reg[24]) is unused and will be removed from module mips.
WARNING: [Synth 8-3332] Sequential element (U_ALU/C_reg[23]) is unused and will be removed from module mips.
WARNING: [Synth 8-3332] Sequential element (U_ALU/C_reg[22]) is unused and will be removed from module mips.
WARNING: [Synth 8-3332] Sequential element (U_ALU/C_reg[21]) is unused and will be removed from module mips.
WARNING: [Synth 8-3332] Sequential element (U_ALU/C_reg[20]) is unused and will be removed from module mips.
WARNING: [Synth 8-3332] Sequential element (U_ALU/C_reg[19]) is unused and will be removed from module mips.
WARNING: [Synth 8-3332] Sequential element (U_ALU/C_reg[18]) is unused and will be removed from module mips.
WARNING: [Synth 8-3332] Sequential element (U_ALU/C_reg[17]) is unused and will be removed from module mips.
WARNING: [Synth 8-3332] Sequential element (U_ALU/C_reg[16]) is unused and will be removed from module mips.
WARNING: [Synth 8-3332] Sequential element (U_ALU/C_reg[15]) is unused and will be removed from module mips.
WARNING: [Synth 8-3332] Sequential element (U_ALU/C_reg[14]) is unused and will be removed from module mips.
WARNING: [Synth 8-3332] Sequential element (U_ALU/C_reg[13]) is unused and will be removed from module mips.
WARNING: [Synth 8-3332] Sequential element (U_ALU/C_reg[12]) is unused and will be removed from module mips.
WARNING: [Synth 8-3332] Sequential element (U_ALU/C_reg[11]) is unused and will be removed from module mips.
WARNING: [Synth 8-3332] Sequential element (U_ALU/C_reg[10]) is unused and will be removed from module mips.
WARNING: [Synth 8-3332] Sequential element (U_ALU/C_reg[9]) is unused and will be removed from module mips.
WARNING: [Synth 8-3332] Sequential element (U_ALU/C_reg[8]) is unused and will be removed from module mips.
WARNING: [Synth 8-3332] Sequential element (U_ALU/C_reg[7]) is unused and will be removed from module mips.
WARNING: [Synth 8-3332] Sequential element (U_ALU/C_reg[6]) is unused and will be removed from module mips.
WARNING: [Synth 8-3332] Sequential element (U_ALU/C_reg[5]) is unused and will be removed from module mips.
WARNING: [Synth 8-3332] Sequential element (U_ALU/C_reg[4]) is unused and will be removed from module mips.
WARNING: [Synth 8-3332] Sequential element (U_ALU/C_reg[3]) is unused and will be removed from module mips.
WARNING: [Synth 8-3332] Sequential element (U_ALU/C_reg[2]) is unused and will be removed from module mips.
WARNING: [Synth 8-3332] Sequential element (U_ALU/C_reg[1]) is unused and will be removed from module mips.
WARNING: [Synth 8-3332] Sequential element (U_ALU/C_reg[0]) is unused and will be removed from module mips.
WARNING: [Synth 8-3332] Sequential element (U_IR/instr_reg[31]) is unused and will be removed from module mips.
WARNING: [Synth 8-3332] Sequential element (U_ALUOut/q_r_reg[31]) is unused and will be removed from module mips.
WARNING: [Synth 8-3332] Sequential element (U_ALUOut/q_r_reg[30]) is unused and will be removed from module mips.
WARNING: [Synth 8-3332] Sequential element (U_ALUOut/q_r_reg[29]) is unused and will be removed from module mips.
WARNING: [Synth 8-3332] Sequential element (U_ALUOut/q_r_reg[28]) is unused and will be removed from module mips.
WARNING: [Synth 8-3332] Sequential element (U_ALUOut/q_r_reg[27]) is unused and will be removed from module mips.
WARNING: [Synth 8-3332] Sequential element (U_ALUOut/q_r_reg[26]) is unused and will be removed from module mips.
WARNING: [Synth 8-3332] Sequential element (U_ALUOut/q_r_reg[25]) is unused and will be removed from module mips.
WARNING: [Synth 8-3332] Sequential element (U_ALUOut/q_r_reg[24]) is unused and will be removed from module mips.
WARNING: [Synth 8-3332] Sequential element (U_ALUOut/q_r_reg[23]) is unused and will be removed from module mips.
WARNING: [Synth 8-3332] Sequential element (U_ALUOut/q_r_reg[22]) is unused and will be removed from module mips.
WARNING: [Synth 8-3332] Sequential element (U_ALUOut/q_r_reg[21]) is unused and will be removed from module mips.
WARNING: [Synth 8-3332] Sequential element (U_ALUOut/q_r_reg[20]) is unused and will be removed from module mips.
WARNING: [Synth 8-3332] Sequential element (U_ALUOut/q_r_reg[19]) is unused and will be removed from module mips.
WARNING: [Synth 8-3332] Sequential element (U_ALUOut/q_r_reg[18]) is unused and will be removed from module mips.
WARNING: [Synth 8-3332] Sequential element (U_ALUOut/q_r_reg[17]) is unused and will be removed from module mips.
WARNING: [Synth 8-3332] Sequential element (U_ALUOut/q_r_reg[16]) is unused and will be removed from module mips.
WARNING: [Synth 8-3332] Sequential element (U_ALUOut/q_r_reg[15]) is unused and will be removed from module mips.
WARNING: [Synth 8-3332] Sequential element (U_ALUOut/q_r_reg[14]) is unused and will be removed from module mips.
WARNING: [Synth 8-3332] Sequential element (U_ALUOut/q_r_reg[13]) is unused and will be removed from module mips.
WARNING: [Synth 8-3332] Sequential element (U_ALUOut/q_r_reg[12]) is unused and will be removed from module mips.
WARNING: [Synth 8-3332] Sequential element (U_ALUOut/q_r_reg[11]) is unused and will be removed from module mips.
WARNING: [Synth 8-3332] Sequential element (U_ALUOut/q_r_reg[10]) is unused and will be removed from module mips.
WARNING: [Synth 8-3332] Sequential element (U_ALUOut/q_r_reg[9]) is unused and will be removed from module mips.
WARNING: [Synth 8-3332] Sequential element (U_ALUOut/q_r_reg[8]) is unused and will be removed from module mips.
INFO: [Common 17-14] Message 'Synth 8-3332' appears 100 times and further instances of the messages will be disabled. Use the Tcl command set_msg_config to change the current settings.
---------------------------------------------------------------------------------
Finished Cross Boundary and Area Optimization : Time (s): cpu = 00:00:44 ; elapsed = 00:00:55 . Memory (MB): peak = 702.184 ; gain = 413.035
---------------------------------------------------------------------------------

Report RTL Partitions: 
+-+--------------+------------+----------+
| |RTL Partition |Replication |Instances |
+-+--------------+------------+----------+
+-+--------------+------------+----------+
No constraint files found.
---------------------------------------------------------------------------------
Start Timing Optimization
---------------------------------------------------------------------------------
---------------------------------------------------------------------------------
Finished Timing Optimization : Time (s): cpu = 00:00:45 ; elapsed = 00:00:55 . Memory (MB): peak = 702.184 ; gain = 413.035
---------------------------------------------------------------------------------

Report RTL Partitions: 
+-+--------------+------------+----------+
| |RTL Partition |Replication |Instances |
+-+--------------+------------+----------+
+-+--------------+------------+----------+
---------------------------------------------------------------------------------
Start Technology Mapping
---------------------------------------------------------------------------------
---------------------------------------------------------------------------------
Finished Technology Mapping : Time (s): cpu = 00:00:45 ; elapsed = 00:00:55 . Memory (MB): peak = 702.184 ; gain = 413.035
---------------------------------------------------------------------------------

Report RTL Partitions: 
+-+--------------+------------+----------+
| |RTL Partition |Replication |Instances |
+-+--------------+------------+----------+
+-+--------------+------------+----------+
---------------------------------------------------------------------------------
Start IO Insertion
---------------------------------------------------------------------------------
---------------------------------------------------------------------------------
Start Flattening Before IO Insertion
---------------------------------------------------------------------------------
---------------------------------------------------------------------------------
Finished Flattening Before IO Insertion
---------------------------------------------------------------------------------
---------------------------------------------------------------------------------
Start Final Netlist Cleanup
---------------------------------------------------------------------------------
---------------------------------------------------------------------------------
Finished Final Netlist Cleanup
---------------------------------------------------------------------------------
---------------------------------------------------------------------------------
Finished IO Insertion : Time (s): cpu = 00:00:47 ; elapsed = 00:00:58 . Memory (MB): peak = 702.184 ; gain = 413.035
---------------------------------------------------------------------------------

Report Check Netlist: 
+------+------------------+-------+---------+-------+------------------+
|      |Item              |Errors |Warnings |Status |Description       |
+------+------------------+-------+---------+-------+------------------+
|1     |multi_driven_nets |      0|        0|Passed |Multi driven nets |
+------+------------------+-------+---------+-------+------------------+
---------------------------------------------------------------------------------
Start Renaming Generated Instances
---------------------------------------------------------------------------------
---------------------------------------------------------------------------------
Finished Renaming Generated Instances : Time (s): cpu = 00:00:47 ; elapsed = 00:00:58 . Memory (MB): peak = 702.184 ; gain = 413.035
---------------------------------------------------------------------------------

Report RTL Partitions: 
+-+--------------+------------+----------+
| |RTL Partition |Replication |Instances |
+-+--------------+------------+----------+
+-+--------------+------------+----------+
---------------------------------------------------------------------------------
Start Rebuilding User Hierarchy
---------------------------------------------------------------------------------
---------------------------------------------------------------------------------
Finished Rebuilding User Hierarchy : Time (s): cpu = 00:00:47 ; elapsed = 00:00:58 . Memory (MB): peak = 702.184 ; gain = 413.035
---------------------------------------------------------------------------------
---------------------------------------------------------------------------------
Start Renaming Generated Ports
---------------------------------------------------------------------------------
---------------------------------------------------------------------------------
Finished Renaming Generated Ports : Time (s): cpu = 00:00:47 ; elapsed = 00:00:58 . Memory (MB): peak = 702.184 ; gain = 413.035
---------------------------------------------------------------------------------
---------------------------------------------------------------------------------
Start Handling Custom Attributes
---------------------------------------------------------------------------------
---------------------------------------------------------------------------------
Finished Handling Custom Attributes : Time (s): cpu = 00:00:47 ; elapsed = 00:00:58 . Memory (MB): peak = 702.184 ; gain = 413.035
---------------------------------------------------------------------------------
---------------------------------------------------------------------------------
Start Renaming Generated Nets
---------------------------------------------------------------------------------
---------------------------------------------------------------------------------
Finished Renaming Generated Nets : Time (s): cpu = 00:00:47 ; elapsed = 00:00:58 . Memory (MB): peak = 702.184 ; gain = 413.035
---------------------------------------------------------------------------------
---------------------------------------------------------------------------------
Start Writing Synthesis Report
---------------------------------------------------------------------------------

Report BlackBoxes: 
+-+--------------+----------+
| |BlackBox name |Instances |
+-+--------------+----------+
+-+--------------+----------+

Report Cell Usage: 
+------+-------+------+
|      |Cell   |Count |
+------+-------+------+
|1     |BUFG   |     1|
|2     |CARRY4 |     8|
|3     |LUT2   |    29|
|4     |LUT3   |     7|
|5     |LUT4   |     5|
|6     |FDCE   |    32|
|7     |FDPE   |     2|
|8     |LD     |    36|
|9     |IBUF   |     2|
|10    |OBUF   |    64|
+------+-------+------+

Report Instance Areas: 
+------+---------+-------+------+
|      |Instance |Module |Cells |
+------+---------+-------+------+
|1     |top      |       |   186|
|2     |  U_CTRL |ctrl   |    47|
|3     |  U_NPC  |NPC    |    34|
|4     |  U_PC   |PC     |    38|
+------+---------+-------+------+
---------------------------------------------------------------------------------
Finished Writing Synthesis Report : Time (s): cpu = 00:00:47 ; elapsed = 00:00:58 . Memory (MB): peak = 702.184 ; gain = 413.035
---------------------------------------------------------------------------------
Synthesis finished with 0 errors, 0 critical warnings and 1216 warnings.
Synthesis Optimization Runtime : Time (s): cpu = 00:00:47 ; elapsed = 00:00:58 . Memory (MB): peak = 702.184 ; gain = 413.035
Synthesis Optimization Complete : Time (s): cpu = 00:00:47 ; elapsed = 00:00:58 . Memory (MB): peak = 702.184 ; gain = 413.035
INFO: [Project 1-571] Translating synthesized netlist
INFO: [Netlist 29-17] Analyzing 46 Unisim elements for replacement
INFO: [Netlist 29-28] Unisim Transformation completed in 0 CPU seconds
INFO: [Project 1-570] Preparing netlist for logic optimization
INFO: [Opt 31-138] Pushed 0 inverter(s) to 0 load pin(s).
INFO: [Project 1-111] Unisim Transformation Summary:
  A total of 36 instances were transformed.
  LD => LDCE: 36 instances

INFO: [Common 17-83] Releasing license: Synthesis
114 Infos, 219 Warnings, 0 Critical Warnings and 0 Errors encountered.
synth_design completed successfully
synth_design: Time (s): cpu = 00:00:57 ; elapsed = 00:01:15 . Memory (MB): peak = 741.480 ; gain = 464.691
INFO: [Common 17-1381] The checkpoint 'C:/Users/lenovo/Desktop/P15_Final/P15_Final/P15_Final.runs/synth_1/mips.dcp' has been generated.
INFO: [runtcl-4] Executing : report_utilization -file mips_utilization_synth.rpt -pb mips_utilization_synth.pb
report_utilization: Time (s): cpu = 00:00:00 ; elapsed = 00:00:00.286 . Memory (MB): peak = 741.480 ; gain = 0.000
INFO: [Common 17-206] Exiting Vivado at Sat Jul  6 23:20:16 2019...
